118
PAINT_LINE 0 8 0 12
PAINT_LINE 1 4 1 15
PAINT_LINE 1 64 9 64
PAINT_LINE 1 65 9 65
PAINT_LINE 1 66 9 66
PAINT_LINE 2 2 8 2
PAINT_LINE 2 3 4 3
PAINT_LINE 2 4 2 5
PAINT_LINE 2 14 2 15
PAINT_LINE 3 1 7 1
PAINT_LINE 4 0 6 0
PAINT_LINE 4 24 4 61
PAINT_LINE 4 71 4 76
PAINT_LINE 5 10 5 78
PAINT_LINE 6 16 6 38
PAINT_LINE 6 45 9 45
PAINT_LINE 6 46 9 46
PAINT_LINE 6 47 8 47
PAINT_LINE 6 50 8 50
PAINT_LINE 6 51 12 51
PAINT_LINE 6 52 12 52
PAINT_LINE 6 59 12 59
PAINT_LINE 6 60 11 60
PAINT_LINE 6 61 11 61
PAINT_LINE 6 68 6 79
PAINT_LINE 7 3 8 3
PAINT_LINE 7 16 7 23
PAINT_LINE 7 31 7 37
PAINT_LINE 7 68 7 74
PAINT_LINE 8 4 9 4
PAINT_LINE 8 5 9 5
PAINT_LINE 8 14 8 24
PAINT_LINE 8 30 8 32
PAINT_LINE 8 36 8 38
PAINT_LINE 8 44 9 44
PAINT_LINE 8 68 8 71
PAINT_LINE 8 77 9 77
PAINT_LINE 9 6 9 78
PAINT_LINE 11 50 11 50
PAINT_LINE 11 58 12 58
PAINT_LINE 12 53 12 57
PAINT_LINE 13 54 13 56
ERASE_CELL 4 31
ERASE_CELL 4 32
ERASE_CELL 4 33
ERASE_CELL 4 34
ERASE_CELL 4 35
ERASE_CELL 4 36
ERASE_CELL 4 37
ERASE_CELL 4 45
ERASE_CELL 4 46
ERASE_CELL 4 47
ERASE_CELL 4 48
ERASE_CELL 4 49
ERASE_CELL 4 50
ERASE_CELL 4 51
ERASE_CELL 5 20
ERASE_CELL 5 21
ERASE_CELL 5 26
ERASE_CELL 5 27
ERASE_CELL 5 28
ERASE_CELL 5 33
ERASE_CELL 5 34
ERASE_CELL 5 35
ERASE_CELL 5 40
ERASE_CELL 5 41
ERASE_CELL 5 42
ERASE_CELL 5 47
ERASE_CELL 5 48
ERASE_CELL 5 49
ERASE_CELL 5 50
ERASE_CELL 5 55
ERASE_CELL 5 56
ERASE_CELL 5 62
ERASE_CELL 5 63
ERASE_CELL 5 67
ERASE_CELL 5 68
ERASE_CELL 5 73
ERASE_CELL 5 74
ERASE_CELL 6 20
ERASE_CELL 6 24
ERASE_CELL 6 25
ERASE_CELL 6 26
ERASE_CELL 6 27
ERASE_CELL 6 28
ERASE_CELL 6 29
ERASE_CELL 6 34
ERASE_CELL 6 71
ERASE_CELL 6 72
ERASE_CELL 6 73
ERASE_CELL 7 19
ERASE_CELL 7 20
ERASE_CELL 7 34
ERASE_CELL 7 52
ERASE_CELL 8 18
ERASE_CELL 8 19
ERASE_CELL 8 20
ERASE_CELL 9 17
ERASE_CELL 9 18
ERASE_CELL 9 19
ERASE_CELL 9 20
ERASE_CELL 9 21
ERASE_CELL 9 32
ERASE_CELL 9 33
ERASE_CELL 9 34
ERASE_CELL 9 35
ERASE_CELL 9 36
ERASE_CELL 9 47
ERASE_CELL 9 48
ERASE_CELL 9 49
ERASE_CELL 9 50
ERASE_CELL 9 62
ERASE_CELL 9 63
ERASE_CELL 9 67
ERASE_CELL 9 68
ERASE_CELL 9 69
ERASE_CELL 10 51
ERASE_CELL 10 52
