190
PAINT_SQUARE 20 31 11
PAINT_SQUARE 16 140 7
PAINT_SQUARE 15 121 6
PAINT_SQUARE 10 161 5
PAINT_SQUARE 18 68 5
PAINT_SQUARE 18 79 5
PAINT_SQUARE 19 101 5
PAINT_SQUARE 18 111 4
PAINT_SQUARE 20 160 4
PAINT_SQUARE 26 145 3
PAINT_SQUARE 27 46 3
PAINT_SQUARE 27 60 3
PAINT_SQUARE 28 52 3
PAINT_SQUARE 11 45 2
PAINT_SQUARE 11 50 2
PAINT_SQUARE 11 55 2
PAINT_SQUARE 11 130 2
PAINT_SQUARE 15 175 2
PAINT_SQUARE 15 180 2
PAINT_SQUARE 15 185 2
PAINT_SQUARE 16 130 2
PAINT_SQUARE 24 11 2
PAINT_SQUARE 24 16 2
PAINT_SQUARE 25 109 2
PAINT_SQUARE 26 138 2
PAINT_SQUARE 27 125 2
PAINT_SQUARE 27 130 2
PAINT_SQUARE 27 174 2
PAINT_SQUARE 27 179 2
PAINT_SQUARE 27 184 2
PAINT_SQUARE 27 189 2
PAINT_SQUARE 32 171 2
PAINT_SQUARE 6 14 1
PAINT_SQUARE 6 187 1
PAINT_SQUARE 6 190 1
PAINT_SQUARE 6 193 1
PAINT_SQUARE 10 6 1
PAINT_SQUARE 10 17 1
PAINT_SQUARE 12 10 1
PAINT_SQUARE 12 13 1
PAINT_SQUARE 12 93 1
PAINT_SQUARE 14 86 1
PAINT_SQUARE 14 189 1
PAINT_SQUARE 17 86 1
PAINT_SQUARE 17 188 1
PAINT_SQUARE 18 52 1
PAINT_SQUARE 18 55 1
PAINT_SQUARE 18 58 1
PAINT_SQUARE 18 61 1
PAINT_SQUARE 20 86 1
PAINT_SQUARE 20 129 1
PAINT_SQUARE 23 85 1
PAINT_SQUARE 24 113 1
PAINT_SQUARE 26 134 1
PAINT_SQUARE 30 114 1
PAINT_LINE 5 16 12 16
PAINT_LINE 7 76 7 82
PAINT_LINE 7 183 7 194
PAINT_LINE 8 13 8 16
PAINT_LINE 8 75 8 83
PAINT_LINE 8 183 8 186
PAINT_LINE 9 8 14 8
PAINT_LINE 9 19 11 19
PAINT_LINE 9 148 29 148
PAINT_LINE 9 149 29 149
PAINT_LINE 10 58 12 58
PAINT_LINE 11 15 12 15
PAINT_LINE 12 91 12 95
PAINT_LINE 13 5 13 14
PAINT_LINE 14 5 14 8
PAINT_LINE 14 43 31 43
PAINT_LINE 16 165 24 165
PAINT_LINE 16 166 24 166
PAINT_LINE 16 190 18 190
PAINT_LINE 18 173 18 190
PAINT_LINE 19 131 21 131
PAINT_LINE 19 132 21 132
PAINT_LINE 20 52 20 87
PAINT_LINE 22 19 26 19
PAINT_LINE 22 87 24 87
PAINT_LINE 22 116 23 116
PAINT_LINE 23 115 24 115
PAINT_LINE 24 64 24 87
PAINT_LINE 24 141 29 141
PAINT_LINE 25 4 25 63
PAINT_LINE 26 4 26 63
PAINT_LINE 26 112 28 112
PAINT_LINE 27 56 31 56
PAINT_LINE 27 105 28 105
PAINT_LINE 27 106 28 106
PAINT_LINE 28 107 28 112
PAINT_LINE 28 133 28 149
PAINT_LINE 29 116 32 116
PAINT_LINE 29 133 29 149
PAINT_LINE 29 169 36 169
PAINT_LINE 29 170 36 170
PAINT_LINE 29 171 36 171
PAINT_LINE 31 44 31 63
PAINT_LINE 32 113 32 116
PAINT_LINE 35 172 36 172
ERASE_CELL 5 186
ERASE_CELL 6 186
ERASE_CELL 9 115
ERASE_CELL 9 116
ERASE_CELL 10 16
ERASE_CELL 10 115
ERASE_CELL 10 116
ERASE_CELL 11 115
ERASE_CELL 11 116
ERASE_CELL 12 8
ERASE_CELL 12 20
ERASE_CELL 12 115
ERASE_CELL 12 116
ERASE_CELL 13 9
ERASE_CELL 13 10
ERASE_CELL 13 13
ERASE_CELL 13 14
ERASE_CELL 13 20
ERASE_CELL 13 63
ERASE_CELL 13 92
ERASE_CELL 13 115
ERASE_CELL 13 116
ERASE_CELL 13 173
ERASE_CELL 14 20
ERASE_CELL 14 63
ERASE_CELL 15 20
ERASE_CELL 15 63
ERASE_CELL 16 20
ERASE_CELL 16 63
ERASE_CELL 17 20
ERASE_CELL 17 51
ERASE_CELL 18 20
ERASE_CELL 19 20
ERASE_CELL 20 20
ERASE_CELL 21 20
ERASE_CELL 21 63
ERASE_CELL 22 9
ERASE_CELL 22 10
ERASE_CELL 22 63
ERASE_CELL 22 133
ERASE_CELL 22 134
ERASE_CELL 22 135
ERASE_CELL 22 136
ERASE_CELL 22 137
ERASE_CELL 22 138
ERASE_CELL 22 139
ERASE_CELL 23 9
ERASE_CELL 23 63
ERASE_CELL 23 133
ERASE_CELL 23 134
ERASE_CELL 23 135
ERASE_CELL 23 136
ERASE_CELL 23 137
ERASE_CELL 23 138
ERASE_CELL 23 139
ERASE_CELL 24 9
ERASE_CELL 24 44
ERASE_CELL 24 45
ERASE_CELL 24 46
ERASE_CELL 24 47
ERASE_CELL 24 48
ERASE_CELL 24 49
ERASE_CELL 24 57
ERASE_CELL 24 58
ERASE_CELL 24 59
ERASE_CELL 24 60
ERASE_CELL 24 61
ERASE_CELL 24 62
ERASE_CELL 24 136
ERASE_CELL 24 137
ERASE_CELL 24 138
ERASE_CELL 24 139
ERASE_CELL 25 107
ERASE_CELL 25 108
ERASE_CELL 25 113
ERASE_CELL 25 114
ERASE_CELL 25 172
ERASE_CELL 26 107
ERASE_CELL 26 108
ERASE_CELL 26 172
ERASE_CELL 27 172
ERASE_CELL 28 20
ERASE_CELL 28 172
ERASE_CELL 29 20
ERASE_CELL 29 191
ERASE_CELL 30 20
ERASE_CELL 30 173
ERASE_CELL 31 20
ERASE_CELL 31 173
ERASE_CELL 32 173
